<?xml version="1.0" encoding="UTF-8"?>
<!-- Generated by org.testng.reporters.JUnitReportReporter -->
<testsuite hostname="LAPTOP-9T6F2UID" failures="0" tests="3" name="com.testng.org.Simple_annotation" time="0.018" errors="0" timestamp="2022-10-03T19:24:00 IST" skipped="0">
  <testcase classname="com.testng.org.Simple_annotation" name="kids" time="0.015"/>
  <system-out/>
  <testcase classname="com.testng.org.Simple_annotation" name="women" time="0.001"/>
  <system-out/>
  <testcase classname="com.testng.org.Simple_annotation" name="men" time="0.002"/>
  <system-out/>
</testsuite> <!-- com.testng.org.Simple_annotation -->
