<?xml version="1.0" encoding="UTF-8"?>
<!-- Generated by org.testng.reporters.JUnitReportReporter -->
<testsuite hostname="LAPTOP-9T6F2UID" failures="0" tests="2" name="com.testng.structure.depenceny" time="0.011" errors="0" timestamp="2022-10-07T12:38:25 IST" skipped="0">
  <testcase classname="com.testng.structure.depenceny" name="tenth" time="0.009"/>
  <system-out/>
  <testcase classname="com.testng.structure.depenceny" name="twelth" time="0.002"/>
  <system-out/>
</testsuite> <!-- com.testng.structure.depenceny -->
