<?xml version="1.0" encoding="UTF-8"?>
<!-- Generated by org.testng.reporters.JUnitReportReporter -->
<testsuite hostname="LAPTOP-9T6F2UID" failures="0" tests="1" name="com.testng.structure.Timeout" time="6.054" errors="0" timestamp="2022-10-07T13:09:35 IST" skipped="0">
  <testcase classname="com.testng.structure.Timeout" name="facebook" time="6.054"/>
  <system-out/>
</testsuite> <!-- com.testng.structure.Timeout -->
