<?xml version="1.0" encoding="UTF-8"?>
<!-- Generated by org.testng.reporters.JUnitReportReporter -->
<testsuite hostname="LAPTOP-9T6F2UID" failures="0" tests="3" name="com.testng.structure.Ignore" time="0.007" errors="0" timestamp="2022-10-07T12:34:41 IST" skipped="1">
  <testcase classname="com.testng.structure.Ignore" name="dosa" time="0.000"/>
  <system-out/>
  <testcase classname="com.testng.structure.Ignore" name="chicken" time="0.007"/>
  <system-out/>
  <testcase classname="com.testng.structure.Ignore" name="idly">
    <skipped/>
  </testcase> <!-- idly -->
  <system-out/>
</testsuite> <!-- com.testng.structure.Ignore -->
