<?xml version="1.0" encoding="UTF-8"?>
<!-- Generated by org.testng.reporters.JUnitReportReporter -->
<testsuite hostname="LAPTOP-9T6F2UID" failures="0" tests="4" name="com.testng.structure.Simple_annotation" time="0.013" errors="0" timestamp="2022-10-07T12:09:17 IST" skipped="0">
  <testcase classname="com.testng.structure.Simple_annotation" name="women" time="0.008"/>
  <system-out/>
  <testcase classname="com.testng.structure.Simple_annotation" name="men" time="0.002"/>
  <system-out/>
  <testcase classname="com.testng.structure.Simple_annotation" name="men" time="0.001"/>
  <system-out/>
  <testcase classname="com.testng.structure.Simple_annotation" name="kids" time="0.002"/>
  <system-out/>
</testsuite> <!-- com.testng.structure.Simple_annotation -->
