<?xml version="1.0" encoding="UTF-8"?>
<!-- Generated by org.testng.reporters.JUnitReportReporter -->
<testsuite hostname="LAPTOP-9T6F2UID" failures="0" tests="6" name="com.testng.structure.Grouping" time="0.015" errors="0" timestamp="2022-10-07T12:57:50 IST" skipped="0">
  <testcase classname="com.testng.structure.Grouping" name="idly" time="0.001"/>
  <system-out/>
  <testcase classname="com.testng.structure.Grouping" name="koko" time="0.000"/>
  <system-out/>
  <testcase classname="com.testng.structure.Grouping" name="cricket" time="0.010"/>
  <system-out/>
  <testcase classname="com.testng.structure.Grouping" name="football" time="0.001"/>
  <system-out/>
  <testcase classname="com.testng.structure.Grouping" name="dosa" time="0.001"/>
  <system-out/>
  <testcase classname="com.testng.structure.Grouping" name="idiyappam" time="0.002"/>
  <system-out/>
</testsuite> <!-- com.testng.structure.Grouping -->
